[debug] [2026-07-14T10:35:44.925Z] ----------------------------------------------------------------------
[debug] [2026-07-14T10:35:44.927Z] Command:       /Users/akmalrustamov/.nvm/versions/node/v24.14.0/bin/node /Users/akmalrustamov/.npm/_npx/ba4f1959e38407b5/node_modules/.bin/firebase apphosting:backends:create
[debug] [2026-07-14T10:35:44.927Z] CLI Version:   15.23.0
[debug] [2026-07-14T10:35:44.927Z] Platform:      darwin
[debug] [2026-07-14T10:35:44.927Z] Node Version:  v24.14.0
[debug] [2026-07-14T10:35:44.927Z] Detected Agent: unknown
[debug] [2026-07-14T10:35:44.927Z] Time:          Tue Jul 14 2026 15:35:44 GMT+0500 (Uzbekistan Standard Time)
[debug] [2026-07-14T10:35:44.927Z] ----------------------------------------------------------------------
[debug] 
[debug] [2026-07-14T10:35:45.013Z] Object "/apphosting" in "firebase.json" is missing required property: {"missingProperty":"backendId"}
[debug] [2026-07-14T10:35:45.013Z] Field "/apphosting" in "firebase.json" is possibly invalid: must be array
[debug] [2026-07-14T10:35:45.013Z] Field "/apphosting" in "firebase.json" is possibly invalid: must match a schema in anyOf
[debug] [2026-07-14T10:35:45.015Z] > command requires scopes: ["email","openid","https://www.googleapis.com/auth/cloudplatformprojects.readonly","https://www.googleapis.com/auth/firebase","https://www.googleapis.com/auth/cloud-platform"]
[debug] [2026-07-14T10:35:45.015Z] > authorizing via signed-in user (a.rustamov.g0@gmail.com)
[debug] [2026-07-14T10:35:45.020Z] Checked if tokens are valid: true, expires at: 1784028557265
[debug] [2026-07-14T10:35:45.020Z] Checked if tokens are valid: true, expires at: 1784028557265
[debug] [2026-07-14T10:35:45.020Z] >>> [apiv2][query] POST https://iam.googleapis.com/v1/projects/founder-os-78cfc/serviceAccounts/firebase-app-hosting-compute@founder-os-78cfc.iam.gserviceaccount.com:testIamPermissions [none]
[debug] [2026-07-14T10:35:45.020Z] >>> [apiv2][(partial)header] POST https://iam.googleapis.com/v1/projects/founder-os-78cfc/serviceAccounts/firebase-app-hosting-compute@founder-os-78cfc.iam.gserviceaccount.com:testIamPermissions  x-goog-user-project=founder-os-78cfc
[debug] [2026-07-14T10:35:45.020Z] >>> [apiv2][body] POST https://iam.googleapis.com/v1/projects/founder-os-78cfc/serviceAccounts/firebase-app-hosting-compute@founder-os-78cfc.iam.gserviceaccount.com:testIamPermissions {"permissions":["iam.serviceAccounts.actAs"]}
[debug] [2026-07-14T10:35:45.862Z] <<< [apiv2][status] POST https://iam.googleapis.com/v1/projects/founder-os-78cfc/serviceAccounts/firebase-app-hosting-compute@founder-os-78cfc.iam.gserviceaccount.com:testIamPermissions 200
[debug] [2026-07-14T10:35:45.863Z] <<< [apiv2][body] POST https://iam.googleapis.com/v1/projects/founder-os-78cfc/serviceAccounts/firebase-app-hosting-compute@founder-os-78cfc.iam.gserviceaccount.com:testIamPermissions {"permissions":["iam.serviceAccounts.actAs"]}
[debug] [2026-07-14T10:35:45.864Z] Checked if tokens are valid: true, expires at: 1784028557265
[debug] [2026-07-14T10:35:45.864Z] Checked if tokens are valid: true, expires at: 1784028557265
[debug] [2026-07-14T10:35:45.864Z] >>> [apiv2][query] POST https://iam.googleapis.com/v1/projects/founder-os-78cfc/serviceAccounts [none]
[debug] [2026-07-14T10:35:45.864Z] >>> [apiv2][body] POST https://iam.googleapis.com/v1/projects/founder-os-78cfc/serviceAccounts {"accountId":"firebase-app-hosting-compute","serviceAccount":{"displayName":"Firebase App Hosting compute service account","description":"Default service account used to run builds and deploys for Firebase App Hosting"}}
[debug] [2026-07-14T10:35:46.613Z] <<< [apiv2][status] POST https://iam.googleapis.com/v1/projects/founder-os-78cfc/serviceAccounts 409
[debug] [2026-07-14T10:35:46.613Z] <<< [apiv2][body] POST https://iam.googleapis.com/v1/projects/founder-os-78cfc/serviceAccounts [omitted]
[debug] [2026-07-14T10:35:46.614Z] Checked if tokens are valid: true, expires at: 1784028557265
[debug] [2026-07-14T10:35:46.614Z] Checked if tokens are valid: true, expires at: 1784028557265
[debug] [2026-07-14T10:35:46.615Z] >>> [apiv2][query] POST https://cloudresourcemanager.googleapis.com/v1/projects/founder-os-78cfc:getIamPolicy [none]
[debug] [2026-07-14T10:35:47.487Z] <<< [apiv2][status] POST https://cloudresourcemanager.googleapis.com/v1/projects/founder-os-78cfc:getIamPolicy 200
[debug] [2026-07-14T10:35:47.487Z] <<< [apiv2][body] POST https://cloudresourcemanager.googleapis.com/v1/projects/founder-os-78cfc:getIamPolicy {"version":1,"etag":"BwZWj64sjpo=","bindings":[{"role":"roles/cloudbuild.builds.builder","members":["serviceAccount:325418031825@cloudbuild.gserviceaccount.com"]},{"role":"roles/cloudbuild.serviceAgent","members":["serviceAccount:service-325418031825@gcp-sa-cloudbuild.iam.gserviceaccount.com"]},{"role":"roles/containerregistry.ServiceAgent","members":["serviceAccount:service-325418031825@containerregistry.iam.gserviceaccount.com"]},{"role":"roles/developerconnect.readTokenAccessor","members":["serviceAccount:firebase-app-hosting-compute@founder-os-78cfc.iam.gserviceaccount.com"]},{"role":"roles/firebase.managementServiceAgent","members":["serviceAccount:service-325418031825@gcp-sa-firebase.iam.gserviceaccount.com"]},{"role":"roles/firebase.sdkAdminServiceAgent","members":["serviceAccount:firebase-adminsdk-fbsvc@founder-os-78cfc.iam.gserviceaccount.com","serviceAccount:firebase-app-hosting-compute@founder-os-78cfc.iam.gserviceaccount.com"]},{"role":"roles/firebaseapphosting.computeRunner","members":["serviceAccount:firebase-app-hosting-compute@founder-os-78cfc.iam.gserviceaccount.com"]},{"role":"roles/iam.serviceAccountTokenCreator","members":["serviceAccount:firebase-adminsdk-fbsvc@founder-os-78cfc.iam.gserviceaccount.com"]},{"role":"roles/owner","members":["user:a.rustamov.g0@gmail.com"]},{"role":"roles/run.serviceAgent","members":["serviceAccount:service-325418031825@serverless-robot-prod.iam.gserviceaccount.com"]},{"role":"roles/storage.objectViewer","members":["serviceAccount:firebase-app-hosting-compute@founder-os-78cfc.iam.gserviceaccount.com"]}]}
[debug] [2026-07-14T10:35:47.488Z] Checked if tokens are valid: true, expires at: 1784028557265
[debug] [2026-07-14T10:35:47.488Z] Checked if tokens are valid: true, expires at: 1784028557265
[debug] [2026-07-14T10:35:47.488Z] >>> [apiv2][query] POST https://cloudresourcemanager.googleapis.com/v1/projects/founder-os-78cfc:setIamPolicy [none]
[debug] [2026-07-14T10:35:47.488Z] >>> [apiv2][body] POST https://cloudresourcemanager.googleapis.com/v1/projects/founder-os-78cfc:setIamPolicy {"policy":{"version":1,"etag":"BwZWj64sjpo=","bindings":[{"role":"roles/cloudbuild.builds.builder","members":["serviceAccount:325418031825@cloudbuild.gserviceaccount.com"]},{"role":"roles/cloudbuild.serviceAgent","members":["serviceAccount:service-325418031825@gcp-sa-cloudbuild.iam.gserviceaccount.com"]},{"role":"roles/containerregistry.ServiceAgent","members":["serviceAccount:service-325418031825@containerregistry.iam.gserviceaccount.com"]},{"role":"roles/developerconnect.readTokenAccessor","members":["serviceAccount:firebase-app-hosting-compute@founder-os-78cfc.iam.gserviceaccount.com"]},{"role":"roles/firebase.managementServiceAgent","members":["serviceAccount:service-325418031825@gcp-sa-firebase.iam.gserviceaccount.com"]},{"role":"roles/firebase.sdkAdminServiceAgent","members":["serviceAccount:firebase-adminsdk-fbsvc@founder-os-78cfc.iam.gserviceaccount.com","serviceAccount:firebase-app-hosting-compute@founder-os-78cfc.iam.gserviceaccount.com"]},{"role":"roles/firebaseapphosting.computeRunner","members":["serviceAccount:firebase-app-hosting-compute@founder-os-78cfc.iam.gserviceaccount.com"]},{"role":"roles/iam.serviceAccountTokenCreator","members":["serviceAccount:firebase-adminsdk-fbsvc@founder-os-78cfc.iam.gserviceaccount.com"]},{"role":"roles/owner","members":["user:a.rustamov.g0@gmail.com"]},{"role":"roles/run.serviceAgent","members":["serviceAccount:service-325418031825@serverless-robot-prod.iam.gserviceaccount.com"]},{"role":"roles/storage.objectViewer","members":["serviceAccount:firebase-app-hosting-compute@founder-os-78cfc.iam.gserviceaccount.com"]}]},"updateMask":"bindings"}
[debug] [2026-07-14T10:35:48.672Z] <<< [apiv2][status] POST https://cloudresourcemanager.googleapis.com/v1/projects/founder-os-78cfc:setIamPolicy 200
[debug] [2026-07-14T10:35:48.673Z] <<< [apiv2][body] POST https://cloudresourcemanager.googleapis.com/v1/projects/founder-os-78cfc:setIamPolicy {"version":1,"etag":"BwZWj8U4yOs=","bindings":[{"role":"roles/cloudbuild.builds.builder","members":["serviceAccount:325418031825@cloudbuild.gserviceaccount.com"]},{"role":"roles/cloudbuild.serviceAgent","members":["serviceAccount:service-325418031825@gcp-sa-cloudbuild.iam.gserviceaccount.com"]},{"role":"roles/containerregistry.ServiceAgent","members":["serviceAccount:service-325418031825@containerregistry.iam.gserviceaccount.com"]},{"role":"roles/developerconnect.readTokenAccessor","members":["serviceAccount:firebase-app-hosting-compute@founder-os-78cfc.iam.gserviceaccount.com"]},{"role":"roles/firebase.managementServiceAgent","members":["serviceAccount:service-325418031825@gcp-sa-firebase.iam.gserviceaccount.com"]},{"role":"roles/firebase.sdkAdminServiceAgent","members":["serviceAccount:firebase-adminsdk-fbsvc@founder-os-78cfc.iam.gserviceaccount.com","serviceAccount:firebase-app-hosting-compute@founder-os-78cfc.iam.gserviceaccount.com"]},{"role":"roles/firebaseapphosting.computeRunner","members":["serviceAccount:firebase-app-hosting-compute@founder-os-78cfc.iam.gserviceaccount.com"]},{"role":"roles/iam.serviceAccountTokenCreator","members":["serviceAccount:firebase-adminsdk-fbsvc@founder-os-78cfc.iam.gserviceaccount.com"]},{"role":"roles/owner","members":["user:a.rustamov.g0@gmail.com"]},{"role":"roles/run.serviceAgent","members":["serviceAccount:service-325418031825@serverless-robot-prod.iam.gserviceaccount.com"]},{"role":"roles/storage.objectViewer","members":["serviceAccount:firebase-app-hosting-compute@founder-os-78cfc.iam.gserviceaccount.com"]}]}
[debug] [2026-07-14T10:35:48.674Z] Checked if tokens are valid: true, expires at: 1784028557265
[debug] [2026-07-14T10:35:48.674Z] Checked if tokens are valid: true, expires at: 1784028557265
[debug] [2026-07-14T10:35:48.674Z] >>> [apiv2][query] GET https://firebaseapphosting.googleapis.com/v1beta/projects/founder-os-78cfc/locations 
[debug] [2026-07-14T10:35:50.044Z] <<< [apiv2][status] GET https://firebaseapphosting.googleapis.com/v1beta/projects/founder-os-78cfc/locations 200
[debug] [2026-07-14T10:35:50.044Z] <<< [apiv2][body] GET https://firebaseapphosting.googleapis.com/v1beta/projects/founder-os-78cfc/locations {"locations":[{"name":"projects/founder-os-78cfc/locations/asia-east1","locationId":"asia-east1","displayName":"Taiwan"},{"name":"projects/founder-os-78cfc/locations/asia-southeast1","locationId":"asia-southeast1","displayName":"Singapore"},{"name":"projects/founder-os-78cfc/locations/europe-west4","locationId":"europe-west4","displayName":"Netherlands"},{"name":"projects/founder-os-78cfc/locations/us-central1","locationId":"us-central1","displayName":"Iowa"},{"name":"projects/founder-os-78cfc/locations/us-east4","locationId":"us-east4","displayName":"Northern Virginia"},{"name":"projects/founder-os-78cfc/locations/us-east5","locationId":"us-east5","displayName":"Columbus"}]}
[info] ✔  Location set to us-east4.
 
[info] i  === Set up your backend 
[debug] [2026-07-14T10:36:06.120Z] Checked if tokens are valid: true, expires at: 1784028557265
[debug] [2026-07-14T10:36:06.120Z] Checked if tokens are valid: true, expires at: 1784028557265
[debug] [2026-07-14T10:36:06.120Z] >>> [apiv2][query] GET https://firebaseapphosting.googleapis.com/v1beta/projects/founder-os-78cfc/locations/us-east4/backends/founder-os [none]
[debug] [2026-07-14T10:36:07.157Z] <<< [apiv2][status] GET https://firebaseapphosting.googleapis.com/v1beta/projects/founder-os-78cfc/locations/us-east4/backends/founder-os 404
[debug] [2026-07-14T10:36:07.157Z] <<< [apiv2][body] GET https://firebaseapphosting.googleapis.com/v1beta/projects/founder-os-78cfc/locations/us-east4/backends/founder-os {"error":{"code":404,"message":"Resource 'projects/founder-os-78cfc/locations/us-east4/backends/founder-os' was not found","status":"NOT_FOUND","details":[{"@type":"type.googleapis.com/google.rpc.ResourceInfo","resourceName":"projects/founder-os-78cfc/locations/us-east4/backends/founder-os"}]}}
[info] ✔  Name set to founder-os
 
[info] i  === Import a GitHub repository 
[debug] [2026-07-14T10:36:10.204Z] Checked if tokens are valid: true, expires at: 1784028557265
[debug] [2026-07-14T10:36:10.205Z] Checked if tokens are valid: true, expires at: 1784028557265
[debug] [2026-07-14T10:36:10.205Z] >>> [apiv2][query] GET https://developerconnect.googleapis.com/v1/projects/founder-os-78cfc/locations/us-east4/connections pageSize=1000&pageToken=
[debug] [2026-07-14T10:36:11.255Z] <<< [apiv2][status] GET https://developerconnect.googleapis.com/v1/projects/founder-os-78cfc/locations/us-east4/connections 200
[debug] [2026-07-14T10:36:11.255Z] <<< [apiv2][body] GET https://developerconnect.googleapis.com/v1/projects/founder-os-78cfc/locations/us-east4/connections {}
[debug] [2026-07-14T10:36:11.257Z] Checked if tokens are valid: true, expires at: 1784028557265
[debug] [2026-07-14T10:36:11.257Z] Checked if tokens are valid: true, expires at: 1784028557265
[debug] [2026-07-14T10:36:11.257Z] >>> [apiv2][query] GET https://cloudresourcemanager.googleapis.com/v1/projects/founder-os-78cfc [none]
[debug] [2026-07-14T10:36:11.825Z] <<< [apiv2][status] GET https://cloudresourcemanager.googleapis.com/v1/projects/founder-os-78cfc 200
[debug] [2026-07-14T10:36:11.825Z] <<< [apiv2][body] GET https://cloudresourcemanager.googleapis.com/v1/projects/founder-os-78cfc {"projectNumber":"325418031825","projectId":"founder-os-78cfc","lifecycleState":"ACTIVE","name":"founder-os","labels":{"firebase":"enabled","firebase-core":"disabled"},"createTime":"2026-07-13T20:58:14.979Z","parent":{"type":"organization","id":"691200135452"}}
[debug] [2026-07-14T10:36:11.826Z] Checked if tokens are valid: true, expires at: 1784028557265
[debug] [2026-07-14T10:36:11.826Z] Checked if tokens are valid: true, expires at: 1784028557265
[debug] [2026-07-14T10:36:11.826Z] >>> [apiv2][query] POST https://cloudresourcemanager.googleapis.com/v1/projects/founder-os-78cfc:getIamPolicy [none]
[debug] [2026-07-14T10:36:12.377Z] <<< [apiv2][status] POST https://cloudresourcemanager.googleapis.com/v1/projects/founder-os-78cfc:getIamPolicy 200
[debug] [2026-07-14T10:36:12.378Z] <<< [apiv2][body] POST https://cloudresourcemanager.googleapis.com/v1/projects/founder-os-78cfc:getIamPolicy {"version":1,"etag":"BwZWj8U4yOs=","bindings":[{"role":"roles/cloudbuild.builds.builder","members":["serviceAccount:325418031825@cloudbuild.gserviceaccount.com"]},{"role":"roles/cloudbuild.serviceAgent","members":["serviceAccount:service-325418031825@gcp-sa-cloudbuild.iam.gserviceaccount.com"]},{"role":"roles/containerregistry.ServiceAgent","members":["serviceAccount:service-325418031825@containerregistry.iam.gserviceaccount.com"]},{"role":"roles/developerconnect.readTokenAccessor","members":["serviceAccount:firebase-app-hosting-compute@founder-os-78cfc.iam.gserviceaccount.com"]},{"role":"roles/firebase.managementServiceAgent","members":["serviceAccount:service-325418031825@gcp-sa-firebase.iam.gserviceaccount.com"]},{"role":"roles/firebase.sdkAdminServiceAgent","members":["serviceAccount:firebase-adminsdk-fbsvc@founder-os-78cfc.iam.gserviceaccount.com","serviceAccount:firebase-app-hosting-compute@founder-os-78cfc.iam.gserviceaccount.com"]},{"role":"roles/firebaseapphosting.computeRunner","members":["serviceAccount:firebase-app-hosting-compute@founder-os-78cfc.iam.gserviceaccount.com"]},{"role":"roles/iam.serviceAccountTokenCreator","members":["serviceAccount:firebase-adminsdk-fbsvc@founder-os-78cfc.iam.gserviceaccount.com"]},{"role":"roles/owner","members":["user:a.rustamov.g0@gmail.com"]},{"role":"roles/run.serviceAgent","members":["serviceAccount:service-325418031825@serverless-robot-prod.iam.gserviceaccount.com"]},{"role":"roles/storage.objectViewer","members":["serviceAccount:firebase-app-hosting-compute@founder-os-78cfc.iam.gserviceaccount.com"]}]}
[info] i  To create a new GitHub connection, Secret Manager Admin role (roles/secretmanager.admin) is required on the Developer Connect Service Agent. 
[debug] [2026-07-14T10:36:18.104Z] Checked if tokens are valid: true, expires at: 1784028557265
[debug] [2026-07-14T10:36:18.104Z] Checked if tokens are valid: true, expires at: 1784028557265
[debug] [2026-07-14T10:36:18.105Z] >>> [apiv2][query] POST https://cloudresourcemanager.googleapis.com/v1/projects/founder-os-78cfc:getIamPolicy [none]
[debug] [2026-07-14T10:36:18.984Z] <<< [apiv2][status] POST https://cloudresourcemanager.googleapis.com/v1/projects/founder-os-78cfc:getIamPolicy 200
[debug] [2026-07-14T10:36:18.985Z] <<< [apiv2][body] POST https://cloudresourcemanager.googleapis.com/v1/projects/founder-os-78cfc:getIamPolicy {"version":1,"etag":"BwZWj8U4yOs=","bindings":[{"role":"roles/cloudbuild.builds.builder","members":["serviceAccount:325418031825@cloudbuild.gserviceaccount.com"]},{"role":"roles/cloudbuild.serviceAgent","members":["serviceAccount:service-325418031825@gcp-sa-cloudbuild.iam.gserviceaccount.com"]},{"role":"roles/containerregistry.ServiceAgent","members":["serviceAccount:service-325418031825@containerregistry.iam.gserviceaccount.com"]},{"role":"roles/developerconnect.readTokenAccessor","members":["serviceAccount:firebase-app-hosting-compute@founder-os-78cfc.iam.gserviceaccount.com"]},{"role":"roles/firebase.managementServiceAgent","members":["serviceAccount:service-325418031825@gcp-sa-firebase.iam.gserviceaccount.com"]},{"role":"roles/firebase.sdkAdminServiceAgent","members":["serviceAccount:firebase-adminsdk-fbsvc@founder-os-78cfc.iam.gserviceaccount.com","serviceAccount:firebase-app-hosting-compute@founder-os-78cfc.iam.gserviceaccount.com"]},{"role":"roles/firebaseapphosting.computeRunner","members":["serviceAccount:firebase-app-hosting-compute@founder-os-78cfc.iam.gserviceaccount.com"]},{"role":"roles/iam.serviceAccountTokenCreator","members":["serviceAccount:firebase-adminsdk-fbsvc@founder-os-78cfc.iam.gserviceaccount.com"]},{"role":"roles/owner","members":["user:a.rustamov.g0@gmail.com"]},{"role":"roles/run.serviceAgent","members":["serviceAccount:service-325418031825@serverless-robot-prod.iam.gserviceaccount.com"]},{"role":"roles/storage.objectViewer","members":["serviceAccount:firebase-app-hosting-compute@founder-os-78cfc.iam.gserviceaccount.com"]}]}
[debug] [2026-07-14T10:36:18.986Z] Checked if tokens are valid: true, expires at: 1784028557265
[debug] [2026-07-14T10:36:18.986Z] Checked if tokens are valid: true, expires at: 1784028557265
[debug] [2026-07-14T10:36:18.986Z] >>> [apiv2][query] POST https://cloudresourcemanager.googleapis.com/v1/projects/founder-os-78cfc:setIamPolicy [none]
[debug] [2026-07-14T10:36:18.986Z] >>> [apiv2][body] POST https://cloudresourcemanager.googleapis.com/v1/projects/founder-os-78cfc:setIamPolicy {"policy":{"version":1,"etag":"BwZWj8U4yOs=","bindings":[{"role":"roles/cloudbuild.builds.builder","members":["serviceAccount:325418031825@cloudbuild.gserviceaccount.com"]},{"role":"roles/cloudbuild.serviceAgent","members":["serviceAccount:service-325418031825@gcp-sa-cloudbuild.iam.gserviceaccount.com"]},{"role":"roles/containerregistry.ServiceAgent","members":["serviceAccount:service-325418031825@containerregistry.iam.gserviceaccount.com"]},{"role":"roles/developerconnect.readTokenAccessor","members":["serviceAccount:firebase-app-hosting-compute@founder-os-78cfc.iam.gserviceaccount.com"]},{"role":"roles/firebase.managementServiceAgent","members":["serviceAccount:service-325418031825@gcp-sa-firebase.iam.gserviceaccount.com"]},{"role":"roles/firebase.sdkAdminServiceAgent","members":["serviceAccount:firebase-adminsdk-fbsvc@founder-os-78cfc.iam.gserviceaccount.com","serviceAccount:firebase-app-hosting-compute@founder-os-78cfc.iam.gserviceaccount.com"]},{"role":"roles/firebaseapphosting.computeRunner","members":["serviceAccount:firebase-app-hosting-compute@founder-os-78cfc.iam.gserviceaccount.com"]},{"role":"roles/iam.serviceAccountTokenCreator","members":["serviceAccount:firebase-adminsdk-fbsvc@founder-os-78cfc.iam.gserviceaccount.com"]},{"role":"roles/owner","members":["user:a.rustamov.g0@gmail.com"]},{"role":"roles/run.serviceAgent","members":["serviceAccount:service-325418031825@serverless-robot-prod.iam.gserviceaccount.com"]},{"role":"roles/storage.objectViewer","members":["serviceAccount:firebase-app-hosting-compute@founder-os-78cfc.iam.gserviceaccount.com"]},{"role":"roles/secretmanager.admin","members":["serviceAccount:service-325418031825@gcp-sa-devconnect.iam.gserviceaccount.com"]}]},"updateMask":"bindings"}
[debug] [2026-07-14T10:36:20.200Z] <<< [apiv2][status] POST https://cloudresourcemanager.googleapis.com/v1/projects/founder-os-78cfc:setIamPolicy 200
[debug] [2026-07-14T10:36:20.201Z] <<< [apiv2][body] POST https://cloudresourcemanager.googleapis.com/v1/projects/founder-os-78cfc:setIamPolicy {"version":1,"etag":"BwZWj8cZdLk=","bindings":[{"role":"roles/cloudbuild.builds.builder","members":["serviceAccount:325418031825@cloudbuild.gserviceaccount.com"]},{"role":"roles/cloudbuild.serviceAgent","members":["serviceAccount:service-325418031825@gcp-sa-cloudbuild.iam.gserviceaccount.com"]},{"role":"roles/containerregistry.ServiceAgent","members":["serviceAccount:service-325418031825@containerregistry.iam.gserviceaccount.com"]},{"role":"roles/developerconnect.readTokenAccessor","members":["serviceAccount:firebase-app-hosting-compute@founder-os-78cfc.iam.gserviceaccount.com"]},{"role":"roles/firebase.managementServiceAgent","members":["serviceAccount:service-325418031825@gcp-sa-firebase.iam.gserviceaccount.com"]},{"role":"roles/firebase.sdkAdminServiceAgent","members":["serviceAccount:firebase-adminsdk-fbsvc@founder-os-78cfc.iam.gserviceaccount.com","serviceAccount:firebase-app-hosting-compute@founder-os-78cfc.iam.gserviceaccount.com"]},{"role":"roles/firebaseapphosting.computeRunner","members":["serviceAccount:firebase-app-hosting-compute@founder-os-78cfc.iam.gserviceaccount.com"]},{"role":"roles/iam.serviceAccountTokenCreator","members":["serviceAccount:firebase-adminsdk-fbsvc@founder-os-78cfc.iam.gserviceaccount.com"]},{"role":"roles/owner","members":["user:a.rustamov.g0@gmail.com"]},{"role":"roles/run.serviceAgent","members":["serviceAccount:service-325418031825@serverless-robot-prod.iam.gserviceaccount.com"]},{"role":"roles/secretmanager.admin","members":["serviceAccount:service-325418031825@gcp-sa-devconnect.iam.gserviceaccount.com"]},{"role":"roles/storage.objectViewer","members":["serviceAccount:firebase-app-hosting-compute@founder-os-78cfc.iam.gserviceaccount.com"]}]}
[info] ✔  Successfully granted the required role to the Developer Connect Service Agent!
 
[debug] [2026-07-14T10:36:20.203Z] Checked if tokens are valid: true, expires at: 1784028557265
[debug] [2026-07-14T10:36:20.204Z] Checked if tokens are valid: true, expires at: 1784028557265
[debug] [2026-07-14T10:36:20.204Z] >>> [apiv2][query] POST https://developerconnect.googleapis.com/v1/projects/founder-os-78cfc/locations/us-east4/connections connectionId=apphosting-github-conn-562tatq
[debug] [2026-07-14T10:36:20.204Z] >>> [apiv2][body] POST https://developerconnect.googleapis.com/v1/projects/founder-os-78cfc/locations/us-east4/connections {"githubConfig":{"githubApp":"FIREBASE"}}
[debug] [2026-07-14T10:36:23.013Z] <<< [apiv2][status] POST https://developerconnect.googleapis.com/v1/projects/founder-os-78cfc/locations/us-east4/connections 200
[debug] [2026-07-14T10:36:23.013Z] <<< [apiv2][body] POST https://developerconnect.googleapis.com/v1/projects/founder-os-78cfc/locations/us-east4/connections {"name":"projects/founder-os-78cfc/locations/us-east4/operations/operation-1784025382052-6568fc72ae317-0b342ae4-fff96a3a","metadata":{"@type":"type.googleapis.com/google.cloud.developerconnect.v1.OperationMetadata","createTime":"2026-07-14T10:36:23.762646308Z","target":"projects/founder-os-78cfc/locations/us-east4/connections/apphosting-github-conn-562tatq","verb":"create","requestedCancellation":false,"apiVersion":"v1"},"done":false}
[debug] [2026-07-14T10:36:23.014Z] Checked if tokens are valid: true, expires at: 1784028557265
[debug] [2026-07-14T10:36:23.014Z] Checked if tokens are valid: true, expires at: 1784028557265
[debug] [2026-07-14T10:36:23.015Z] >>> [apiv2][query] GET https://developerconnect.googleapis.com/v1/projects/founder-os-78cfc/locations/us-east4/operations/operation-1784025382052-6568fc72ae317-0b342ae4-fff96a3a [none]
[debug] [2026-07-14T10:36:23.293Z] <<< [apiv2][status] GET https://developerconnect.googleapis.com/v1/projects/founder-os-78cfc/locations/us-east4/operations/operation-1784025382052-6568fc72ae317-0b342ae4-fff96a3a 200
[debug] [2026-07-14T10:36:23.293Z] <<< [apiv2][body] GET https://developerconnect.googleapis.com/v1/projects/founder-os-78cfc/locations/us-east4/operations/operation-1784025382052-6568fc72ae317-0b342ae4-fff96a3a {"name":"projects/founder-os-78cfc/locations/us-east4/operations/operation-1784025382052-6568fc72ae317-0b342ae4-fff96a3a","metadata":{"@type":"type.googleapis.com/google.cloud.developerconnect.v1.OperationMetadata","createTime":"2026-07-14T10:36:23.762646308Z","endTime":"2026-07-14T10:36:23.803442802Z","target":"projects/founder-os-78cfc/locations/us-east4/connections/apphosting-github-conn-562tatq","verb":"create","requestedCancellation":false,"apiVersion":"v1"},"done":true,"response":{"@type":"type.googleapis.com/google.cloud.developerconnect.v1.Connection","name":"projects/founder-os-78cfc/locations/us-east4/connections/apphosting-github-conn-562tatq","createTime":"2026-07-14T10:36:23.755869751Z","updateTime":"2026-07-14T10:36:23.755869751Z","githubConfig":{"githubApp":"FIREBASE"},"installationState":{"stage":"PENDING_USER_OAUTH","message":"Please log in to https://github.com using a robot account and then follow this link to authorize Developer Connect to access that account. After authorization, your GitHub authorization token will be stored in Cloud Secret Manager.","actionUri":"https://accounts.google.com/AccountChooser?continue=https%3A%2F%2Fconsole.cloud.google.com%2Fdeveloper-connect%2Ffinish-setup%3Fstate%3D%257B%2522connection%2522%253A%2B%2522projects%252Ffounder-os-78cfc%252Flocations%252Fus-east4%252Fconnections%252Fapphosting-github-conn-562tatq%2522%257D"},"uid":"aebd142b-cc4c-4f3e-9eff-678bf61aeaa8"}}
[info] i  Please authorize the Firebase GitHub app by visiting this url: 
[info] i  	http://localhost:9005 
[debug] [2026-07-14T10:39:13.699Z] Checked if tokens are valid: true, expires at: 1784028557265
[debug] [2026-07-14T10:39:13.700Z] Checked if tokens are valid: true, expires at: 1784028557265
[debug] [2026-07-14T10:39:13.700Z] >>> [apiv2][query] GET https://developerconnect.googleapis.com/v1/projects/founder-os-78cfc/locations/us-east4/connections/apphosting-github-conn-562tatq [none]
[debug] [2026-07-14T10:39:14.716Z] <<< [apiv2][status] GET https://developerconnect.googleapis.com/v1/projects/founder-os-78cfc/locations/us-east4/connections/apphosting-github-conn-562tatq 200
[debug] [2026-07-14T10:39:14.717Z] <<< [apiv2][body] GET https://developerconnect.googleapis.com/v1/projects/founder-os-78cfc/locations/us-east4/connections/apphosting-github-conn-562tatq {"name":"projects/founder-os-78cfc/locations/us-east4/connections/apphosting-github-conn-562tatq","createTime":"2026-07-14T10:36:23.755869751Z","updateTime":"2026-07-14T10:38:54.760389121Z","githubConfig":{"githubApp":"FIREBASE","authorizerCredential":{"oauthTokenSecretVersion":"projects/325418031825/locations/us-east4/secrets/apphosting-github-conn-562tatq-github-oauthtoken-8a133e/versions/latest","username":"arustamovg0-prog"},"appInstallationId":"146496631","installationUri":"https://github.com/settings/installations/146496631"},"installationState":{"stage":"COMPLETE"},"uid":"aebd142b-cc4c-4f3e-9eff-678bf61aeaa8"}
[info] ✔  Connected with GitHub successfully
 
[debug] [2026-07-14T10:39:14.719Z] Checked if tokens are valid: true, expires at: 1784028557265
[debug] [2026-07-14T10:39:14.719Z] Checked if tokens are valid: true, expires at: 1784028557265
[debug] [2026-07-14T10:39:14.719Z] >>> [apiv2][query] GET https://developerconnect.googleapis.com/v1/projects/founder-os-78cfc/locations/us-east4/connections/apphosting-github-conn-562tatq:fetchGitHubInstallations [none]
[debug] [2026-07-14T10:39:15.285Z] <<< [apiv2][status] GET https://developerconnect.googleapis.com/v1/projects/founder-os-78cfc/locations/us-east4/connections/apphosting-github-conn-562tatq:fetchGitHubInstallations 200
[debug] [2026-07-14T10:39:15.285Z] <<< [apiv2][body] GET https://developerconnect.googleapis.com/v1/projects/founder-os-78cfc/locations/us-east4/connections/apphosting-github-conn-562tatq:fetchGitHubInstallations {"installations":[{"id":"146496631","name":"arustamovg0-prog","type":"user"}]}
[debug] [2026-07-14T10:42:01.783Z] Checked if tokens are valid: true, expires at: 1784028557265
[debug] [2026-07-14T10:42:01.783Z] Checked if tokens are valid: true, expires at: 1784028557265
[debug] [2026-07-14T10:42:01.784Z] >>> [apiv2][query] GET https://developerconnect.googleapis.com/v1/projects/founder-os-78cfc/locations/us-east4/connections pageSize=1000&pageToken=
[debug] [2026-07-14T10:42:03.093Z] <<< [apiv2][status] GET https://developerconnect.googleapis.com/v1/projects/founder-os-78cfc/locations/us-east4/connections 200
[debug] [2026-07-14T10:42:03.094Z] <<< [apiv2][body] GET https://developerconnect.googleapis.com/v1/projects/founder-os-78cfc/locations/us-east4/connections {"connections":[{"name":"projects/founder-os-78cfc/locations/us-east4/connections/apphosting-github-conn-562tatq","createTime":"2026-07-14T10:36:23.755869751Z","updateTime":"2026-07-14T10:38:54.760389121Z","githubConfig":{"githubApp":"FIREBASE","authorizerCredential":{"oauthTokenSecretVersion":"projects/325418031825/locations/us-east4/secrets/apphosting-github-conn-562tatq-github-oauthtoken-8a133e/versions/latest","username":"arustamovg0-prog"},"appInstallationId":"146496631","installationUri":"https://github.com/settings/installations/146496631"},"installationState":{"stage":"COMPLETE"},"uid":"aebd142b-cc4c-4f3e-9eff-678bf61aeaa8"}]}
[info] i  Reusing matching connection apphosting-github-conn-562tatq 
[debug] [2026-07-14T10:42:03.095Z] Checked if tokens are valid: true, expires at: 1784028557265
[debug] [2026-07-14T10:42:03.095Z] Checked if tokens are valid: true, expires at: 1784028557265
[debug] [2026-07-14T10:42:03.095Z] >>> [apiv2][query] GET https://developerconnect.googleapis.com/v1/projects/founder-os-78cfc/locations/us-east4/connections/apphosting-github-conn-562tatq:fetchLinkableGitRepositories pageSize=1000&pageToken=
[debug] [2026-07-14T10:42:03.639Z] <<< [apiv2][status] GET https://developerconnect.googleapis.com/v1/projects/founder-os-78cfc/locations/us-east4/connections/apphosting-github-conn-562tatq:fetchLinkableGitRepositories 200
[debug] [2026-07-14T10:42:03.640Z] <<< [apiv2][body] GET https://developerconnect.googleapis.com/v1/projects/founder-os-78cfc/locations/us-east4/connections/apphosting-github-conn-562tatq:fetchLinkableGitRepositories {"linkableGitRepositories":[{"cloneUri":"https://github.com/arustamovg0-prog/kidspace.git"},{"cloneUri":"https://github.com/arustamovg0-prog/variant-erp-releases.git"}]}
[info] i  Manage the Firebase App Hosting GitHub app to enable access to GitHub repositories 
[info] i  https://github.com/settings/installations/146496631 
[debug] [2026-07-14T10:46:23.702Z] Checked if tokens are valid: true, expires at: 1784028557265
[debug] [2026-07-14T10:46:23.703Z] Checked if tokens are valid: true, expires at: 1784028557265
[debug] [2026-07-14T10:46:23.703Z] >>> [apiv2][query] GET https://developerconnect.googleapis.com/v1/projects/founder-os-78cfc/locations/us-east4/connections/apphosting-github-conn-562tatq:fetchLinkableGitRepositories pageSize=1000&pageToken=
[debug] [2026-07-14T10:46:25.073Z] <<< [apiv2][status] GET https://developerconnect.googleapis.com/v1/projects/founder-os-78cfc/locations/us-east4/connections/apphosting-github-conn-562tatq:fetchLinkableGitRepositories 200
[debug] [2026-07-14T10:46:25.074Z] <<< [apiv2][body] GET https://developerconnect.googleapis.com/v1/projects/founder-os-78cfc/locations/us-east4/connections/apphosting-github-conn-562tatq:fetchLinkableGitRepositories {"linkableGitRepositories":[{"cloneUri":"https://github.com/arustamovg0-prog/kidspace.git"},{"cloneUri":"https://github.com/arustamovg0-prog/variant-erp-releases.git"},{"cloneUri":"https://github.com/arustamovg0-prog/founder-os.git"}]}
[debug] [2026-07-14T10:46:28.783Z] Checked if tokens are valid: true, expires at: 1784028557265
[debug] [2026-07-14T10:46:28.783Z] Checked if tokens are valid: true, expires at: 1784028557265
[debug] [2026-07-14T10:46:28.783Z] >>> [apiv2][query] GET https://developerconnect.googleapis.com/v1/projects/founder-os-78cfc/locations/us-east4/connections/apphosting-github-conn-562tatq [none]
[debug] [2026-07-14T10:46:29.060Z] <<< [apiv2][status] GET https://developerconnect.googleapis.com/v1/projects/founder-os-78cfc/locations/us-east4/connections/apphosting-github-conn-562tatq 200
[debug] [2026-07-14T10:46:29.060Z] <<< [apiv2][body] GET https://developerconnect.googleapis.com/v1/projects/founder-os-78cfc/locations/us-east4/connections/apphosting-github-conn-562tatq {"name":"projects/founder-os-78cfc/locations/us-east4/connections/apphosting-github-conn-562tatq","createTime":"2026-07-14T10:36:23.755869751Z","updateTime":"2026-07-14T10:38:54.760389121Z","githubConfig":{"githubApp":"FIREBASE","authorizerCredential":{"oauthTokenSecretVersion":"projects/325418031825/locations/us-east4/secrets/apphosting-github-conn-562tatq-github-oauthtoken-8a133e/versions/latest","username":"arustamovg0-prog"},"appInstallationId":"146496631","installationUri":"https://github.com/settings/installations/146496631"},"installationState":{"stage":"COMPLETE"},"uid":"aebd142b-cc4c-4f3e-9eff-678bf61aeaa8"}
[debug] [2026-07-14T10:46:29.061Z] Checked if tokens are valid: true, expires at: 1784028557265
[debug] [2026-07-14T10:46:29.061Z] Checked if tokens are valid: true, expires at: 1784028557265
[debug] [2026-07-14T10:46:29.061Z] >>> [apiv2][query] GET https://developerconnect.googleapis.com/v1/projects/founder-os-78cfc/locations/us-east4/connections/apphosting-github-conn-562tatq/gitRepositoryLinks/arustamovg0-prog-founder-os [none]
[debug] [2026-07-14T10:46:29.390Z] <<< [apiv2][status] GET https://developerconnect.googleapis.com/v1/projects/founder-os-78cfc/locations/us-east4/connections/apphosting-github-conn-562tatq/gitRepositoryLinks/arustamovg0-prog-founder-os 404
[debug] [2026-07-14T10:46:29.390Z] <<< [apiv2][body] GET https://developerconnect.googleapis.com/v1/projects/founder-os-78cfc/locations/us-east4/connections/apphosting-github-conn-562tatq/gitRepositoryLinks/arustamovg0-prog-founder-os {"error":{"code":404,"message":"Resource 'projects/founder-os-78cfc/locations/us-east4/connections/apphosting-github-conn-562tatq/gitRepositoryLinks/arustamovg0-prog-founder-os' was not found","status":"NOT_FOUND","details":[{"@type":"type.googleapis.com/google.rpc.ResourceInfo","resourceName":"projects/founder-os-78cfc/locations/us-east4/connections/apphosting-github-conn-562tatq/gitRepositoryLinks/arustamovg0-prog-founder-os"}]}}
[debug] [2026-07-14T10:46:29.391Z] Checked if tokens are valid: true, expires at: 1784028557265
[debug] [2026-07-14T10:46:29.391Z] Checked if tokens are valid: true, expires at: 1784028557265
[debug] [2026-07-14T10:46:29.391Z] >>> [apiv2][query] POST https://developerconnect.googleapis.com/v1/projects/founder-os-78cfc/locations/us-east4/connections/apphosting-github-conn-562tatq/gitRepositoryLinks gitRepositoryLinkId=arustamovg0-prog-founder-os
[debug] [2026-07-14T10:46:29.392Z] >>> [apiv2][body] POST https://developerconnect.googleapis.com/v1/projects/founder-os-78cfc/locations/us-east4/connections/apphosting-github-conn-562tatq/gitRepositoryLinks {"cloneUri":"https://github.com/arustamovg0-prog/founder-os.git"}
[debug] [2026-07-14T10:46:29.740Z] <<< [apiv2][status] POST https://developerconnect.googleapis.com/v1/projects/founder-os-78cfc/locations/us-east4/connections/apphosting-github-conn-562tatq/gitRepositoryLinks 200
[debug] [2026-07-14T10:46:29.740Z] <<< [apiv2][body] POST https://developerconnect.googleapis.com/v1/projects/founder-os-78cfc/locations/us-east4/connections/apphosting-github-conn-562tatq/gitRepositoryLinks {"name":"projects/founder-os-78cfc/locations/us-east4/operations/operation-1784025990456-6568feb6e66a4-59f2ccb0-7d8bfd03","metadata":{"@type":"type.googleapis.com/google.cloud.developerconnect.v1.OperationMetadata","createTime":"2026-07-14T10:46:30.485069661Z","target":"projects/founder-os-78cfc/locations/us-east4/connections/apphosting-github-conn-562tatq/gitRepositoryLinks/arustamovg0-prog-founder-os","verb":"create","requestedCancellation":false,"apiVersion":"v1"},"done":false}
[debug] [2026-07-14T10:46:29.741Z] Checked if tokens are valid: true, expires at: 1784028557265
[debug] [2026-07-14T10:46:29.741Z] Checked if tokens are valid: true, expires at: 1784028557265
[debug] [2026-07-14T10:46:29.741Z] >>> [apiv2][query] GET https://developerconnect.googleapis.com/v1/projects/founder-os-78cfc/locations/us-east4/operations/operation-1784025990456-6568feb6e66a4-59f2ccb0-7d8bfd03 [none]
[debug] [2026-07-14T10:46:30.018Z] <<< [apiv2][status] GET https://developerconnect.googleapis.com/v1/projects/founder-os-78cfc/locations/us-east4/operations/operation-1784025990456-6568feb6e66a4-59f2ccb0-7d8bfd03 200
[debug] [2026-07-14T10:46:30.018Z] <<< [apiv2][body] GET https://developerconnect.googleapis.com/v1/projects/founder-os-78cfc/locations/us-east4/operations/operation-1784025990456-6568feb6e66a4-59f2ccb0-7d8bfd03 {"name":"projects/founder-os-78cfc/locations/us-east4/operations/operation-1784025990456-6568feb6e66a4-59f2ccb0-7d8bfd03","metadata":{"@type":"type.googleapis.com/google.cloud.developerconnect.v1.OperationMetadata","createTime":"2026-07-14T10:46:30.485069661Z","target":"projects/founder-os-78cfc/locations/us-east4/connections/apphosting-github-conn-562tatq/gitRepositoryLinks/arustamovg0-prog-founder-os","verb":"create","requestedCancellation":false,"apiVersion":"v1"},"done":false}
[debug] [2026-07-14T10:46:30.519Z] [create-us-east4-apphosting-github-conn-562tatq-arustamovg0-prog-founder-os] Retrying task index 0
[debug] [2026-07-14T10:46:30.519Z] Checked if tokens are valid: true, expires at: 1784028557265
[debug] [2026-07-14T10:46:30.519Z] Checked if tokens are valid: true, expires at: 1784028557265
[debug] [2026-07-14T10:46:30.520Z] >>> [apiv2][query] GET https://developerconnect.googleapis.com/v1/projects/founder-os-78cfc/locations/us-east4/operations/operation-1784025990456-6568feb6e66a4-59f2ccb0-7d8bfd03 [none]
[debug] [2026-07-14T10:46:30.768Z] <<< [apiv2][status] GET https://developerconnect.googleapis.com/v1/projects/founder-os-78cfc/locations/us-east4/operations/operation-1784025990456-6568feb6e66a4-59f2ccb0-7d8bfd03 200
[debug] [2026-07-14T10:46:30.768Z] <<< [apiv2][body] GET https://developerconnect.googleapis.com/v1/projects/founder-os-78cfc/locations/us-east4/operations/operation-1784025990456-6568feb6e66a4-59f2ccb0-7d8bfd03 {"name":"projects/founder-os-78cfc/locations/us-east4/operations/operation-1784025990456-6568feb6e66a4-59f2ccb0-7d8bfd03","metadata":{"@type":"type.googleapis.com/google.cloud.developerconnect.v1.OperationMetadata","createTime":"2026-07-14T10:46:30.485069661Z","endTime":"2026-07-14T10:46:31.019903650Z","target":"projects/founder-os-78cfc/locations/us-east4/connections/apphosting-github-conn-562tatq/gitRepositoryLinks/arustamovg0-prog-founder-os","verb":"create","requestedCancellation":false,"apiVersion":"v1"},"done":true,"response":{"@type":"type.googleapis.com/google.cloud.developerconnect.v1.GitRepositoryLink","name":"projects/founder-os-78cfc/locations/us-east4/connections/apphosting-github-conn-562tatq/gitRepositoryLinks/arustamovg0-prog-founder-os","cloneUri":"https://github.com/arustamovg0-prog/founder-os.git","createTime":"2026-07-14T10:46:30.469050457Z","updateTime":"2026-07-14T10:46:30.469050457Z"}}
[debug] [2026-07-14T10:46:30.770Z] Checked if tokens are valid: true, expires at: 1784028557265
[debug] [2026-07-14T10:46:30.770Z] Checked if tokens are valid: true, expires at: 1784028557265
[debug] [2026-07-14T10:46:30.770Z] >>> [apiv2][query] GET https://developerconnect.googleapis.com/v1/projects/founder-os-78cfc/locations/us-east4/connections/apphosting-github-conn-562tatq/gitRepositoryLinks/arustamovg0-prog-founder-os:fetchGitRefs refType=BRANCH&pageSize=1000&pageToken=
[debug] [2026-07-14T10:46:31.489Z] <<< [apiv2][status] GET https://developerconnect.googleapis.com/v1/projects/founder-os-78cfc/locations/us-east4/connections/apphosting-github-conn-562tatq/gitRepositoryLinks/arustamovg0-prog-founder-os:fetchGitRefs 200
[debug] [2026-07-14T10:46:31.489Z] <<< [apiv2][body] GET https://developerconnect.googleapis.com/v1/projects/founder-os-78cfc/locations/us-east4/connections/apphosting-github-conn-562tatq/gitRepositoryLinks/arustamovg0-prog-founder-os:fetchGitRefs {}
[debug] [2026-07-14T10:50:50.809Z] ExitPromptError: User force closed the prompt with SIGINT
    at Interface.sigint (/Users/akmalrustamov/.npm/_npx/ba4f1959e38407b5/node_modules/@inquirer/core/dist/commonjs/lib/create-prompt.js:101:37)
    at Interface.emit (node:events:508:28)
    at [_ttyWrite] [as _ttyWrite] (node:internal/readline/interface:1327:18)
    at ReadStream.onkeypress (node:internal/readline/interface:284:20)
    at ReadStream.emit (node:events:520:35)
    at emitKeys (node:internal/readline/utils:371:14)
    at emitKeys.next (<anonymous>)
    at ReadStream.onData (node:internal/readline/emitKeypressEvents:64:36)
    at ReadStream.emit (node:events:508:28)
    at addChunk (node:internal/streams/readable:563:12)
[error] 
[error] Error: An unexpected error has occurred.
